{"/home/mikhail/Рабочий стол/hexlet-project-lvl-2/frontend-project-lvl2/src/differ.js": {"path":"/home/mikhail/Рабочий стол/hexlet-project-lvl-2/frontend-project-lvl2/src/differ.js","all":false,"statementMap":{"0":{"start":{"line":1,"column":0},"end":{"line":1,"column":23}},"1":{"start":{"line":2,"column":0},"end":{"line":2,"column":34}},"2":{"start":{"line":3,"column":0},"end":{"line":3,"column":0}},"3":{"start":{"line":4,"column":0},"end":{"line":4,"column":34}},"4":{"start":{"line":5,"column":0},"end":{"line":5,"column":36}},"5":{"start":{"line":6,"column":0},"end":{"line":6,"column":36}},"6":{"start":{"line":7,"column":0},"end":{"line":7,"column":44}},"7":{"start":{"line":8,"column":0},"end":{"line":8,"column":44}},"8":{"start":{"line":9,"column":0},"end":{"line":9,"column":0}},"9":{"start":{"line":10,"column":0},"end":{"line":10,"column":41}},"10":{"start":{"line":11,"column":0},"end":{"line":11,"column":41}},"11":{"start":{"line":12,"column":0},"end":{"line":12,"column":0}},"12":{"start":{"line":13,"column":0},"end":{"line":13,"column":47}},"13":{"start":{"line":14,"column":0},"end":{"line":14,"column":0}},"14":{"start":{"line":15,"column":0},"end":{"line":15,"column":39}},"15":{"start":{"line":16,"column":0},"end":{"line":16,"column":17}},"16":{"start":{"line":17,"column":0},"end":{"line":17,"column":48}},"17":{"start":{"line":18,"column":0},"end":{"line":18,"column":46}},"18":{"start":{"line":19,"column":0},"end":{"line":19,"column":50}},"19":{"start":{"line":20,"column":0},"end":{"line":20,"column":78}},"20":{"start":{"line":21,"column":0},"end":{"line":21,"column":37}},"21":{"start":{"line":22,"column":0},"end":{"line":22,"column":46}},"22":{"start":{"line":23,"column":0},"end":{"line":23,"column":37}},"23":{"start":{"line":24,"column":0},"end":{"line":24,"column":46}},"24":{"start":{"line":25,"column":0},"end":{"line":25,"column":5}},"25":{"start":{"line":26,"column":0},"end":{"line":26,"column":15}},"26":{"start":{"line":27,"column":0},"end":{"line":27,"column":15}},"27":{"start":{"line":28,"column":0},"end":{"line":28,"column":0}},"28":{"start":{"line":29,"column":0},"end":{"line":29,"column":32}},"29":{"start":{"line":30,"column":0},"end":{"line":30,"column":2}}},"s":{"0":2,"1":2,"2":2,"3":2,"4":2,"5":2,"6":2,"7":2,"8":2,"9":2,"10":2,"11":10,"12":10,"13":10,"14":10,"15":2,"16":10,"17":10,"18":8,"19":10,"20":10,"21":10,"22":2,"23":1,"24":1,"25":1,"26":1,"27":1,"28":1,"29":1},"branchMap":{"0":{"type":"branch","line":1,"loc":{"start":{"line":1,"column":0},"end":{"line":24,"column":42}},"locations":[{"start":{"line":1,"column":0},"end":{"line":24,"column":42}}]},"1":{"type":"branch","line":11,"loc":{"start":{"line":11,"column":16},"end":{"line":23,"column":12}},"locations":[{"start":{"line":11,"column":16},"end":{"line":23,"column":12}}]},"2":{"type":"branch","line":15,"loc":{"start":{"line":15,"column":17},"end":{"line":17,"column":19}},"locations":[{"start":{"line":15,"column":17},"end":{"line":17,"column":19}}]},"3":{"type":"branch","line":18,"loc":{"start":{"line":18,"column":17},"end":{"line":20,"column":9}},"locations":[{"start":{"line":18,"column":17},"end":{"line":20,"column":9}}]},"4":{"type":"branch","line":20,"loc":{"start":{"line":20,"column":37},"end":{"line":21,"column":10}},"locations":[{"start":{"line":20,"column":37},"end":{"line":21,"column":10}}]},"5":{"type":"branch","line":22,"loc":{"start":{"line":22,"column":6},"end":{"line":23,"column":10}},"locations":[{"start":{"line":22,"column":6},"end":{"line":23,"column":10}}]}},"b":{"0":[2],"1":[10],"2":[2],"3":[8],"4":[2],"5":[4]},"fnMap":{"0":{"name":"default","decl":{"start":{"line":1,"column":0},"end":{"line":24,"column":42}},"loc":{"start":{"line":1,"column":0},"end":{"line":24,"column":42}},"line":1}},"f":{"0":2}}
,"/home/mikhail/Рабочий стол/hexlet-project-lvl-2/frontend-project-lvl2/src/index.js": {"path":"/home/mikhail/Рабочий стол/hexlet-project-lvl-2/frontend-project-lvl2/src/index.js","all":false,"statementMap":{"0":{"start":{"line":1,"column":0},"end":{"line":1,"column":34}},"1":{"start":{"line":2,"column":0},"end":{"line":2,"column":0}},"2":{"start":{"line":3,"column":0},"end":{"line":3,"column":23}}},"s":{"0":1,"1":1,"2":1},"branchMap":{},"b":{},"fnMap":{},"f":{}}
,"/home/mikhail/Рабочий стол/hexlet-project-lvl-2/frontend-project-lvl2/src/utils.js": {"path":"/home/mikhail/Рабочий стол/hexlet-project-lvl-2/frontend-project-lvl2/src/utils.js","all":false,"statementMap":{"0":{"start":{"line":1,"column":0},"end":{"line":1,"column":20}},"1":{"start":{"line":2,"column":0},"end":{"line":2,"column":24}},"2":{"start":{"line":3,"column":0},"end":{"line":3,"column":0}},"3":{"start":{"line":4,"column":0},"end":{"line":4,"column":53}},"4":{"start":{"line":5,"column":0},"end":{"line":5,"column":46}},"5":{"start":{"line":6,"column":0},"end":{"line":6,"column":0}},"6":{"start":{"line":7,"column":0},"end":{"line":7,"column":28}},"7":{"start":{"line":8,"column":0},"end":{"line":8,"column":38}},"8":{"start":{"line":9,"column":0},"end":{"line":9,"column":57}},"9":{"start":{"line":10,"column":0},"end":{"line":10,"column":2}},"10":{"start":{"line":11,"column":0},"end":{"line":11,"column":0}},"11":{"start":{"line":12,"column":0},"end":{"line":12,"column":24}}},"s":{"0":1,"1":1,"2":1,"3":4,"4":4,"5":4,"6":4,"7":1,"8":1,"9":1,"10":1,"11":1},"branchMap":{"0":{"type":"branch","line":4,"loc":{"start":{"line":4,"column":0},"end":{"line":8,"column":23}},"locations":[{"start":{"line":4,"column":0},"end":{"line":8,"column":23}}]}},"b":{"0":[4]},"fnMap":{"0":{"name":"readFile","decl":{"start":{"line":4,"column":0},"end":{"line":8,"column":23}},"loc":{"start":{"line":4,"column":0},"end":{"line":8,"column":23}},"line":4}},"f":{"0":4}}
}
