TN:
SF:src/differ.js
FN:1,default
FNF:1
FNH:1
FNDA:2,default
DA:1,2
DA:2,2
DA:3,2
DA:4,2
DA:5,2
DA:6,2
DA:7,2
DA:8,2
DA:9,2
DA:10,2
DA:11,2
DA:12,10
DA:13,10
DA:14,10
DA:15,10
DA:16,2
DA:17,10
DA:18,10
DA:19,8
DA:20,10
DA:21,10
DA:22,10
DA:23,2
DA:24,1
DA:25,1
DA:26,1
DA:27,1
DA:28,1
DA:29,1
DA:30,1
LF:30
LH:30
BRDA:1,0,0,2
BRDA:11,1,0,10
BRDA:15,2,0,2
BRDA:18,3,0,8
BRDA:20,4,0,2
BRDA:22,5,0,4
BRF:6
BRH:6
end_of_record
TN:
SF:src/index.js
FNF:0
FNH:0
DA:1,1
DA:2,1
DA:3,1
LF:3
LH:3
BRF:0
BRH:0
end_of_record
TN:
SF:src/utils.js
FN:4,readFile
FNF:1
FNH:1
FNDA:4,readFile
DA:1,1
DA:2,1
DA:3,1
DA:4,4
DA:5,4
DA:6,4
DA:7,4
DA:8,1
DA:9,1
DA:10,1
DA:11,1
DA:12,1
LF:12
LH:12
BRDA:4,0,0,4
BRF:1
BRH:1
end_of_record
